{"/Users/anacaceres/Repos/adventjs-2022/src/challenge08.ts": {"path":"/Users/anacaceres/Repos/adventjs-2022/src/challenge08.ts","all":false,"statementMap":{"0":{"start":{"line":1,"column":0},"end":{"line":1,"column":49}},"1":{"start":{"line":2,"column":0},"end":{"line":2,"column":91}},"2":{"start":{"line":3,"column":0},"end":{"line":3,"column":36}},"3":{"start":{"line":4,"column":0},"end":{"line":4,"column":46}},"4":{"start":{"line":5,"column":0},"end":{"line":5,"column":83}},"5":{"start":{"line":6,"column":0},"end":{"line":6,"column":125}},"6":{"start":{"line":7,"column":0},"end":{"line":7,"column":5}},"7":{"start":{"line":8,"column":0},"end":{"line":8,"column":21}},"8":{"start":{"line":9,"column":0},"end":{"line":9,"column":1}}},"s":{"0":5,"1":5,"2":5,"3":5,"4":16,"5":16,"6":5,"7":5,"8":5},"branchMap":{"0":{"type":"branch","line":1,"loc":{"start":{"line":1,"column":0},"end":{"line":9,"column":1}},"locations":[{"start":{"line":1,"column":0},"end":{"line":9,"column":1}}]},"1":{"type":"branch","line":4,"loc":{"start":{"line":4,"column":23},"end":{"line":7,"column":3}},"locations":[{"start":{"line":4,"column":23},"end":{"line":7,"column":3}}]},"2":{"type":"branch","line":6,"loc":{"start":{"line":6,"column":104},"end":{"line":6,"column":110}},"locations":[{"start":{"line":6,"column":104},"end":{"line":6,"column":110}}]},"3":{"type":"branch","line":6,"loc":{"start":{"line":6,"column":111},"end":{"line":6,"column":124}},"locations":[{"start":{"line":6,"column":111},"end":{"line":6,"column":124}}]},"4":{"type":"branch","line":5,"loc":{"start":{"line":5,"column":43},"end":{"line":5,"column":80}},"locations":[{"start":{"line":5,"column":43},"end":{"line":5,"column":80}}]}},"b":{"0":[5],"1":[16],"2":[5],"3":[11],"4":[70]},"fnMap":{"0":{"name":"checkPart","decl":{"start":{"line":1,"column":0},"end":{"line":9,"column":1}},"loc":{"start":{"line":1,"column":0},"end":{"line":9,"column":1}},"line":1}},"f":{"0":5}}
}
