TN:
SF:src/challenge01.ts
FN:1,wrapping
FN:9,getWrappingPaper
FNF:2
FNH:2
FNDA:3,wrapping
FNDA:6,getWrappingPaper
DA:1,3
DA:2,3
DA:3,6
DA:4,6
DA:5,3
DA:6,3
DA:7,3
DA:8,1
DA:9,6
DA:10,6
DA:11,6
DA:12,6
LF:12
LH:12
BRDA:1,0,0,3
BRDA:2,1,0,6
BRDA:9,2,0,6
BRF:3
BRH:3
end_of_record
TN:
SF:src/challenge02.ts
FN:1,countHours
FN:17,removeDuplicates
FN:21,isDateWeekend
FN:29,isDateNewYearsEve
FNF:4
FNH:4
FNDA:6,countHours
FNDA:6,removeDuplicates
FNDA:21,isDateWeekend
FNDA:13,isDateNewYearsEve
DA:1,6
DA:2,6
DA:3,6
DA:4,21
DA:5,21
DA:6,6
DA:7,6
DA:8,6
DA:9,21
DA:10,21
DA:11,21
DA:12,6
DA:13,6
DA:14,6
DA:15,6
DA:16,1
DA:17,6
DA:18,6
DA:19,6
DA:20,1
DA:21,21
DA:22,21
DA:23,21
DA:24,21
DA:25,21
DA:26,21
DA:27,21
DA:28,1
DA:29,13
DA:30,13
DA:31,13
DA:32,13
DA:33,13
LF:33
LH:33
BRDA:1,0,0,6
BRDA:3,1,0,21
BRDA:6,2,0,21
BRDA:8,3,0,21
BRDA:11,4,0,13
BRDA:11,5,0,8
BRDA:11,6,0,13
BRDA:17,7,0,6
BRDA:18,8,0,22
BRDA:21,9,0,21
BRDA:26,10,0,17
BRDA:29,11,0,13
BRF:12
BRH:12
end_of_record
TN:
SF:src/challenge03.ts
FN:1,distributeGifts
FN:8,calculateMaxReindeersLoad
FN:14,calculatePackOfGiftsLoad
FNF:3
FNH:3
FNDA:3,distributeGifts
FNDA:3,calculateMaxReindeersLoad
FNDA:3,calculatePackOfGiftsLoad
DA:1,3
DA:2,3
DA:3,3
DA:4,3
DA:5,3
DA:6,3
DA:7,1
DA:8,3
DA:9,3
DA:10,6
DA:11,3
DA:12,3
DA:13,1
DA:14,3
DA:15,3
DA:16,10
DA:17,3
DA:18,3
LF:18
LH:18
BRDA:1,0,0,3
BRDA:8,1,0,3
BRDA:9,2,0,6
BRDA:14,3,0,3
BRDA:15,4,0,10
BRF:5
BRH:5
end_of_record
