TN:
SF:src/challenge01.ts
FN:1,wrapping
FN:9,getWrappingPaper
FNF:2
FNH:2
FNDA:3,wrapping
FNDA:6,getWrappingPaper
DA:1,3
DA:2,3
DA:3,6
DA:4,6
DA:5,3
DA:6,3
DA:7,3
DA:8,1
DA:9,6
DA:10,6
DA:11,6
DA:12,6
LF:12
LH:12
BRDA:1,0,0,3
BRDA:2,1,0,6
BRDA:9,2,0,6
BRF:3
BRH:3
end_of_record
TN:
SF:src/challenge02.ts
FN:1,countHours
FN:17,removeDuplicates
FN:21,isDateWeekend
FN:29,isDateNewYearsEve
FNF:4
FNH:4
FNDA:6,countHours
FNDA:6,removeDuplicates
FNDA:21,isDateWeekend
FNDA:13,isDateNewYearsEve
DA:1,6
DA:2,6
DA:3,6
DA:4,21
DA:5,21
DA:6,6
DA:7,6
DA:8,6
DA:9,21
DA:10,21
DA:11,21
DA:12,6
DA:13,6
DA:14,6
DA:15,6
DA:16,1
DA:17,6
DA:18,6
DA:19,6
DA:20,1
DA:21,21
DA:22,21
DA:23,21
DA:24,21
DA:25,21
DA:26,21
DA:27,21
DA:28,1
DA:29,13
DA:30,13
DA:31,13
DA:32,13
DA:33,13
LF:33
LH:33
BRDA:1,0,0,6
BRDA:3,1,0,21
BRDA:6,2,0,21
BRDA:8,3,0,21
BRDA:11,4,0,13
BRDA:11,5,0,8
BRDA:11,6,0,13
BRDA:17,7,0,6
BRDA:18,8,0,22
BRDA:21,9,0,21
BRDA:26,10,0,17
BRDA:29,11,0,13
BRF:12
BRH:12
end_of_record
TN:
SF:src/challenge03.ts
FN:1,distributeGifts
FNF:1
FNH:1
FNDA:4,distributeGifts
DA:1,4
DA:2,4
DA:3,6
DA:4,4
DA:5,4
DA:6,14
DA:7,4
DA:8,4
DA:9,4
DA:10,4
LF:10
LH:10
BRDA:1,0,0,4
BRDA:2,1,0,6
BRDA:5,2,0,14
BRF:3
BRH:3
end_of_record
TN:
SF:src/challenge04.ts
FN:7,fitsInOneBox
FNF:1
FNH:1
FNDA:3,fitsInOneBox
DA:1,1
DA:2,1
DA:3,1
DA:4,1
DA:5,1
DA:6,1
DA:7,3
DA:8,3
DA:9,3
DA:10,3
DA:11,3
DA:12,4
DA:13,12
DA:14,4
DA:15,4
DA:16,3
DA:17,3
DA:18,3
DA:19,3
LF:19
LH:19
BRDA:7,0,0,3
BRDA:10,1,0,0
BRDA:11,2,0,4
BRDA:12,3,0,12
BRDA:13,4,0,11
BRF:5
BRH:4
end_of_record
